<?xml version="1.0" encoding="UTF-8"?>
<coverage generated="1750829773608" clover="3.2.0">
  <project timestamp="1750829773608" name="All files">
    <metrics statements="34" coveredstatements="22" conditionals="26" coveredconditionals="7" methods="15" coveredmethods="5" elements="75" coveredelements="34" complexity="0" loc="34" ncloc="34" packages="8" files="13" classes="13"/>
    <package name="app">
      <metrics statements="1" coveredstatements="1" conditionals="0" coveredconditionals="0" methods="1" coveredmethods="1"/>
      <file name="index.tsx" path="C:/Users/fsine/OneDrive/Desktop/others/belajar/web/github-explorer-fahmi/src/app/index.tsx">
        <metrics statements="1" coveredstatements="1" conditionals="0" coveredconditionals="0" methods="1" coveredmethods="1"/>
        <line num="8" count="1" type="stmt"/>
      </file>
    </package>
    <package name="app.router">
      <metrics statements="2" coveredstatements="2" conditionals="0" coveredconditionals="0" methods="0" coveredmethods="0"/>
      <file name="paths.ts" path="C:/Users/fsine/OneDrive/Desktop/others/belajar/web/github-explorer-fahmi/src/app/router/paths.ts">
        <metrics statements="1" coveredstatements="1" conditionals="0" coveredconditionals="0" methods="0" coveredmethods="0"/>
        <line num="1" count="1" type="stmt"/>
      </file>
      <file name="routes.tsx" path="C:/Users/fsine/OneDrive/Desktop/others/belajar/web/github-explorer-fahmi/src/app/router/routes.tsx">
        <metrics statements="1" coveredstatements="1" conditionals="0" coveredconditionals="0" methods="0" coveredmethods="0"/>
        <line num="10" count="1" type="stmt"/>
      </file>
    </package>
    <package name="app.test">
      <metrics statements="1" coveredstatements="1" conditionals="0" coveredconditionals="0" methods="1" coveredmethods="1"/>
      <file name="utils.tsx" path="C:/Users/fsine/OneDrive/Desktop/others/belajar/web/github-explorer-fahmi/src/app/test/utils.tsx">
        <metrics statements="1" coveredstatements="1" conditionals="0" coveredconditionals="0" methods="1" coveredmethods="1"/>
        <line num="5" count="1" type="stmt"/>
      </file>
    </package>
    <package name="app.ui">
      <metrics statements="0" coveredstatements="0" conditionals="0" coveredconditionals="0" methods="2" coveredmethods="1"/>
      <file name="Error.tsx" path="C:/Users/fsine/OneDrive/Desktop/others/belajar/web/github-explorer-fahmi/src/app/ui/Error.tsx">
        <metrics statements="0" coveredstatements="0" conditionals="0" coveredconditionals="0" methods="1" coveredmethods="0"/>
      </file>
      <file name="MainWrapper.tsx" path="C:/Users/fsine/OneDrive/Desktop/others/belajar/web/github-explorer-fahmi/src/app/ui/MainWrapper.tsx">
        <metrics statements="0" coveredstatements="0" conditionals="0" coveredconditionals="0" methods="1" coveredmethods="1"/>
      </file>
    </package>
    <package name="lib">
      <metrics statements="4" coveredstatements="4" conditionals="2" coveredconditionals="2" methods="1" coveredmethods="1"/>
      <file name="axios.ts" path="C:/Users/fsine/OneDrive/Desktop/others/belajar/web/github-explorer-fahmi/src/lib/axios.ts">
        <metrics statements="3" coveredstatements="3" conditionals="2" coveredconditionals="2" methods="1" coveredmethods="1"/>
        <line num="4" count="4" type="cond" truecount="2" falsecount="0"/>
        <line num="5" count="3" type="stmt"/>
        <line num="8" count="1" type="stmt"/>
      </file>
      <file name="react-query.ts" path="C:/Users/fsine/OneDrive/Desktop/others/belajar/web/github-explorer-fahmi/src/lib/react-query.ts">
        <metrics statements="1" coveredstatements="1" conditionals="0" coveredconditionals="0" methods="0" coveredmethods="0"/>
        <line num="3" count="1" type="stmt"/>
      </file>
    </package>
    <package name="pages.main">
      <metrics statements="19" coveredstatements="7" conditionals="24" coveredconditionals="5" methods="10" coveredmethods="1"/>
      <file name="index.tsx" path="C:/Users/fsine/OneDrive/Desktop/others/belajar/web/github-explorer-fahmi/src/pages/main/index.tsx">
        <metrics statements="19" coveredstatements="7" conditionals="24" coveredconditionals="5" methods="10" coveredmethods="1"/>
        <line num="13" count="3" type="stmt"/>
        <line num="14" count="3" type="stmt"/>
        <line num="15" count="3" type="stmt"/>
        <line num="16" count="3" type="stmt"/>
        <line num="17" count="3" type="stmt"/>
        <line num="22" count="3" type="stmt"/>
        <line num="29" count="0" type="cond" truecount="0" falsecount="2"/>
        <line num="30" count="0" type="stmt"/>
        <line num="31" count="0" type="stmt"/>
        <line num="37" count="3" type="stmt"/>
        <line num="44" count="0" type="stmt"/>
        <line num="45" count="0" type="stmt"/>
        <line num="46" count="0" type="cond" truecount="0" falsecount="2"/>
        <line num="51" count="0" type="stmt"/>
        <line num="66" count="0" type="stmt"/>
        <line num="70" count="0" type="stmt"/>
        <line num="85" count="0" type="stmt"/>
        <line num="95" count="0" type="stmt"/>
        <line num="136" count="0" type="stmt"/>
      </file>
    </package>
    <package name="pages.main.api">
      <metrics statements="5" coveredstatements="5" conditionals="0" coveredconditionals="0" methods="0" coveredmethods="0"/>
      <file name="endpoints.ts" path="C:/Users/fsine/OneDrive/Desktop/others/belajar/web/github-explorer-fahmi/src/pages/main/api/endpoints.ts">
        <metrics statements="3" coveredstatements="3" conditionals="0" coveredconditionals="0" methods="0" coveredmethods="0"/>
        <line num="6" count="2" type="stmt"/>
        <line num="23" count="2" type="stmt"/>
        <line num="31" count="2" type="stmt"/>
      </file>
      <file name="index.ts" path="C:/Users/fsine/OneDrive/Desktop/others/belajar/web/github-explorer-fahmi/src/pages/main/api/index.ts">
        <metrics statements="2" coveredstatements="2" conditionals="0" coveredconditionals="0" methods="0" coveredmethods="0"/>
        <line num="6" count="2" type="stmt"/>
        <line num="15" count="2" type="stmt"/>
      </file>
    </package>
    <package name="pages.main.api.schema">
      <metrics statements="2" coveredstatements="2" conditionals="0" coveredconditionals="0" methods="0" coveredmethods="0"/>
      <file name="repository.ts" path="C:/Users/fsine/OneDrive/Desktop/others/belajar/web/github-explorer-fahmi/src/pages/main/api/schema/repository.ts">
        <metrics statements="1" coveredstatements="1" conditionals="0" coveredconditionals="0" methods="0" coveredmethods="0"/>
        <line num="3" count="2" type="stmt"/>
      </file>
      <file name="user.ts" path="C:/Users/fsine/OneDrive/Desktop/others/belajar/web/github-explorer-fahmi/src/pages/main/api/schema/user.ts">
        <metrics statements="1" coveredstatements="1" conditionals="0" coveredconditionals="0" methods="0" coveredmethods="0"/>
        <line num="3" count="2" type="stmt"/>
      </file>
    </package>
  </project>
</coverage>
