<?xml version="1.0" encoding="UTF-8"?>
<coverage generated="1750831846996" clover="3.2.0">
  <project timestamp="1750831846997" name="All files">
    <metrics statements="39" coveredstatements="33" conditionals="26" coveredconditionals="16" methods="17" coveredmethods="11" elements="82" coveredelements="60" complexity="0" loc="39" ncloc="39" packages="10" files="15" classes="15"/>
    <package name="app">
      <metrics statements="1" coveredstatements="1" conditionals="0" coveredconditionals="0" methods="1" coveredmethods="1"/>
      <file name="index.tsx" path="C:/Users/fsine/OneDrive/Desktop/others/belajar/web/github-explorer-fahmi/src/app/index.tsx">
        <metrics statements="1" coveredstatements="1" conditionals="0" coveredconditionals="0" methods="1" coveredmethods="1"/>
        <line num="8" count="1" type="stmt"/>
      </file>
    </package>
    <package name="app.mocks">
      <metrics statements="1" coveredstatements="1" conditionals="0" coveredconditionals="0" methods="0" coveredmethods="0"/>
      <file name="server.ts" path="C:/Users/fsine/OneDrive/Desktop/others/belajar/web/github-explorer-fahmi/src/app/mocks/server.ts">
        <metrics statements="1" coveredstatements="1" conditionals="0" coveredconditionals="0" methods="0" coveredmethods="0"/>
        <line num="4" count="4" type="stmt"/>
      </file>
    </package>
    <package name="app.mocks.handlers">
      <metrics statements="4" coveredstatements="3" conditionals="0" coveredconditionals="0" methods="2" coveredmethods="1"/>
      <file name="index.ts" path="C:/Users/fsine/OneDrive/Desktop/others/belajar/web/github-explorer-fahmi/src/app/mocks/handlers/index.ts">
        <metrics statements="4" coveredstatements="3" conditionals="0" coveredconditionals="0" methods="2" coveredmethods="1"/>
        <line num="6" count="4" type="stmt"/>
        <line num="8" count="4" type="stmt"/>
        <line num="10" count="3" type="stmt"/>
        <line num="13" count="0" type="stmt"/>
      </file>
    </package>
    <package name="app.router">
      <metrics statements="2" coveredstatements="2" conditionals="0" coveredconditionals="0" methods="0" coveredmethods="0"/>
      <file name="paths.ts" path="C:/Users/fsine/OneDrive/Desktop/others/belajar/web/github-explorer-fahmi/src/app/router/paths.ts">
        <metrics statements="1" coveredstatements="1" conditionals="0" coveredconditionals="0" methods="0" coveredmethods="0"/>
        <line num="1" count="1" type="stmt"/>
      </file>
      <file name="routes.tsx" path="C:/Users/fsine/OneDrive/Desktop/others/belajar/web/github-explorer-fahmi/src/app/router/routes.tsx">
        <metrics statements="1" coveredstatements="1" conditionals="0" coveredconditionals="0" methods="0" coveredmethods="0"/>
        <line num="10" count="1" type="stmt"/>
      </file>
    </package>
    <package name="app.test">
      <metrics statements="1" coveredstatements="1" conditionals="0" coveredconditionals="0" methods="1" coveredmethods="1"/>
      <file name="utils.tsx" path="C:/Users/fsine/OneDrive/Desktop/others/belajar/web/github-explorer-fahmi/src/app/test/utils.tsx">
        <metrics statements="1" coveredstatements="1" conditionals="0" coveredconditionals="0" methods="1" coveredmethods="1"/>
        <line num="5" count="4" type="stmt"/>
      </file>
    </package>
    <package name="app.ui">
      <metrics statements="0" coveredstatements="0" conditionals="0" coveredconditionals="0" methods="2" coveredmethods="1"/>
      <file name="Error.tsx" path="C:/Users/fsine/OneDrive/Desktop/others/belajar/web/github-explorer-fahmi/src/app/ui/Error.tsx">
        <metrics statements="0" coveredstatements="0" conditionals="0" coveredconditionals="0" methods="1" coveredmethods="0"/>
      </file>
      <file name="MainWrapper.tsx" path="C:/Users/fsine/OneDrive/Desktop/others/belajar/web/github-explorer-fahmi/src/app/ui/MainWrapper.tsx">
        <metrics statements="0" coveredstatements="0" conditionals="0" coveredconditionals="0" methods="1" coveredmethods="1"/>
      </file>
    </package>
    <package name="lib">
      <metrics statements="4" coveredstatements="4" conditionals="2" coveredconditionals="2" methods="1" coveredmethods="1"/>
      <file name="axios.ts" path="C:/Users/fsine/OneDrive/Desktop/others/belajar/web/github-explorer-fahmi/src/lib/axios.ts">
        <metrics statements="3" coveredstatements="3" conditionals="2" coveredconditionals="2" methods="1" coveredmethods="1"/>
        <line num="4" count="4" type="cond" truecount="2" falsecount="0"/>
        <line num="5" count="3" type="stmt"/>
        <line num="8" count="1" type="stmt"/>
      </file>
      <file name="react-query.ts" path="C:/Users/fsine/OneDrive/Desktop/others/belajar/web/github-explorer-fahmi/src/lib/react-query.ts">
        <metrics statements="1" coveredstatements="1" conditionals="0" coveredconditionals="0" methods="0" coveredmethods="0"/>
        <line num="3" count="1" type="stmt"/>
      </file>
    </package>
    <package name="pages.main">
      <metrics statements="19" coveredstatements="14" conditionals="24" coveredconditionals="14" methods="10" coveredmethods="6"/>
      <file name="index.tsx" path="C:/Users/fsine/OneDrive/Desktop/others/belajar/web/github-explorer-fahmi/src/pages/main/index.tsx">
        <metrics statements="19" coveredstatements="14" conditionals="24" coveredconditionals="14" methods="10" coveredmethods="6"/>
        <line num="13" count="16" type="stmt"/>
        <line num="14" count="16" type="stmt"/>
        <line num="15" count="16" type="stmt"/>
        <line num="16" count="16" type="stmt"/>
        <line num="17" count="16" type="stmt"/>
        <line num="22" count="16" type="stmt"/>
        <line num="29" count="3" type="cond" truecount="1" falsecount="1"/>
        <line num="30" count="3" type="stmt"/>
        <line num="31" count="3" type="stmt"/>
        <line num="37" count="16" type="stmt"/>
        <line num="44" count="0" type="stmt"/>
        <line num="45" count="0" type="stmt"/>
        <line num="46" count="0" type="cond" truecount="0" falsecount="2"/>
        <line num="51" count="0" type="stmt"/>
        <line num="66" count="3" type="stmt"/>
        <line num="71" count="3" type="stmt"/>
        <line num="89" count="20" type="stmt"/>
        <line num="100" count="0" type="stmt"/>
        <line num="141" count="1" type="stmt"/>
      </file>
    </package>
    <package name="pages.main.api">
      <metrics statements="5" coveredstatements="5" conditionals="0" coveredconditionals="0" methods="0" coveredmethods="0"/>
      <file name="endpoints.ts" path="C:/Users/fsine/OneDrive/Desktop/others/belajar/web/github-explorer-fahmi/src/pages/main/api/endpoints.ts">
        <metrics statements="3" coveredstatements="3" conditionals="0" coveredconditionals="0" methods="0" coveredmethods="0"/>
        <line num="6" count="2" type="stmt"/>
        <line num="23" count="2" type="stmt"/>
        <line num="31" count="2" type="stmt"/>
      </file>
      <file name="index.ts" path="C:/Users/fsine/OneDrive/Desktop/others/belajar/web/github-explorer-fahmi/src/pages/main/api/index.ts">
        <metrics statements="2" coveredstatements="2" conditionals="0" coveredconditionals="0" methods="0" coveredmethods="0"/>
        <line num="6" count="2" type="stmt"/>
        <line num="15" count="2" type="stmt"/>
      </file>
    </package>
    <package name="pages.main.api.schema">
      <metrics statements="2" coveredstatements="2" conditionals="0" coveredconditionals="0" methods="0" coveredmethods="0"/>
      <file name="repository.ts" path="C:/Users/fsine/OneDrive/Desktop/others/belajar/web/github-explorer-fahmi/src/pages/main/api/schema/repository.ts">
        <metrics statements="1" coveredstatements="1" conditionals="0" coveredconditionals="0" methods="0" coveredmethods="0"/>
        <line num="3" count="2" type="stmt"/>
      </file>
      <file name="user.ts" path="C:/Users/fsine/OneDrive/Desktop/others/belajar/web/github-explorer-fahmi/src/pages/main/api/schema/user.ts">
        <metrics statements="1" coveredstatements="1" conditionals="0" coveredconditionals="0" methods="0" coveredmethods="0"/>
        <line num="3" count="2" type="stmt"/>
      </file>
    </package>
  </project>
</coverage>
