{"C:/Users/fsine/OneDrive/Desktop/others/belajar/web/github-explorer-fahmi/src/app/index.tsx": {"path":"C:/Users/fsine/OneDrive/Desktop/others/belajar/web/github-explorer-fahmi/src/app/index.tsx","statementMap":{"0":{"start":{"line":8,"column":15},"end":{"line":8,"column":null}}},"fnMap":{"0":{"name":"App","decl":{"start":{"line":10,"column":24},"end":{"line":10,"column":null}},"loc":{"start":{"line":10,"column":24},"end":{"line":18,"column":null}}}},"branchMap":{},"s":{"0":1},"f":{"0":1},"b":{}}
,"C:/Users/fsine/OneDrive/Desktop/others/belajar/web/github-explorer-fahmi/src/app/router/paths.ts": {"path":"C:/Users/fsine/OneDrive/Desktop/others/belajar/web/github-explorer-fahmi/src/app/router/paths.ts","statementMap":{"0":{"start":{"line":1,"column":21},"end":{"line":3,"column":11}}},"fnMap":{},"branchMap":{},"s":{"0":1},"f":{},"b":{}}
,"C:/Users/fsine/OneDrive/Desktop/others/belajar/web/github-explorer-fahmi/src/app/router/routes.tsx": {"path":"C:/Users/fsine/OneDrive/Desktop/others/belajar/web/github-explorer-fahmi/src/app/router/routes.tsx","statementMap":{"0":{"start":{"line":10,"column":22},"end":{"line":20,"column":null}}},"fnMap":{},"branchMap":{},"s":{"0":1},"f":{},"b":{}}
,"C:/Users/fsine/OneDrive/Desktop/others/belajar/web/github-explorer-fahmi/src/app/ui/Error.tsx": {"path":"C:/Users/fsine/OneDrive/Desktop/others/belajar/web/github-explorer-fahmi/src/app/ui/Error.tsx","statementMap":{},"fnMap":{"0":{"name":"Error","decl":{"start":{"line":1,"column":24},"end":{"line":1,"column":null}},"loc":{"start":{"line":1,"column":24},"end":{"line":3,"column":null}}}},"branchMap":{},"s":{},"f":{"0":0},"b":{}}
,"C:/Users/fsine/OneDrive/Desktop/others/belajar/web/github-explorer-fahmi/src/app/ui/MainWrapper.tsx": {"path":"C:/Users/fsine/OneDrive/Desktop/others/belajar/web/github-explorer-fahmi/src/app/ui/MainWrapper.tsx","statementMap":{},"fnMap":{"0":{"name":"MainWrapper","decl":{"start":{"line":3,"column":24},"end":{"line":3,"column":36}},"loc":{"start":{"line":3,"column":60},"end":{"line":9,"column":null}}}},"branchMap":{},"s":{},"f":{"0":2},"b":{}}
,"C:/Users/fsine/OneDrive/Desktop/others/belajar/web/github-explorer-fahmi/src/lib/axios.ts": {"path":"C:/Users/fsine/OneDrive/Desktop/others/belajar/web/github-explorer-fahmi/src/lib/axios.ts","statementMap":{"0":{"start":{"line":4,"column":2},"end":{"line":6,"column":null}},"1":{"start":{"line":5,"column":4},"end":{"line":5,"column":null}},"2":{"start":{"line":8,"column":2},"end":{"line":12,"column":null}}},"fnMap":{"0":{"name":"createAxiosConfig","decl":{"start":{"line":3,"column":16},"end":{"line":3,"column":null}},"loc":{"start":{"line":3,"column":16},"end":{"line":13,"column":null}}}},"branchMap":{"0":{"loc":{"start":{"line":4,"column":2},"end":{"line":6,"column":null}},"type":"if","locations":[{"start":{"line":4,"column":2},"end":{"line":6,"column":null}},{"start":{},"end":{}}]}},"s":{"0":3,"1":2,"2":1},"f":{"0":3},"b":{"0":[2,1]}}
,"C:/Users/fsine/OneDrive/Desktop/others/belajar/web/github-explorer-fahmi/src/lib/react-query.ts": {"path":"C:/Users/fsine/OneDrive/Desktop/others/belajar/web/github-explorer-fahmi/src/lib/react-query.ts","statementMap":{"0":{"start":{"line":3,"column":27},"end":{"line":9,"column":3}}},"fnMap":{},"branchMap":{},"s":{"0":1},"f":{},"b":{}}
,"C:/Users/fsine/OneDrive/Desktop/others/belajar/web/github-explorer-fahmi/src/pages/main/index.tsx": {"path":"C:/Users/fsine/OneDrive/Desktop/others/belajar/web/github-explorer-fahmi/src/pages/main/index.tsx","statementMap":{"0":{"start":{"line":13,"column":36},"end":{"line":13,"column":null}},"1":{"start":{"line":14,"column":34},"end":{"line":14,"column":null}},"2":{"start":{"line":15,"column":42},"end":{"line":15,"column":null}},"3":{"start":{"line":16,"column":34},"end":{"line":16,"column":null}},"4":{"start":{"line":17,"column":42},"end":{"line":20,"column":null}},"5":{"start":{"line":22,"column":39},"end":{"line":33,"column":null}},"6":{"start":{"line":29,"column":8},"end":{"line":29,"column":null}},"7":{"start":{"line":30,"column":8},"end":{"line":30,"column":null}},"8":{"start":{"line":31,"column":8},"end":{"line":31,"column":null}},"9":{"start":{"line":37,"column":4},"end":{"line":56,"column":null}},"10":{"start":{"line":44,"column":10},"end":{"line":48,"column":null}},"11":{"start":{"line":45,"column":12},"end":{"line":48,"column":null}},"12":{"start":{"line":46,"column":14},"end":{"line":48,"column":null}},"13":{"start":{"line":51,"column":10},"end":{"line":54,"column":null}},"14":{"start":{"line":66,"column":27},"end":{"line":66,"column":null}},"15":{"start":{"line":70,"column":25},"end":{"line":70,"column":null}},"16":{"start":{"line":85,"column":12},"end":{"line":146,"column":25}},"17":{"start":{"line":95,"column":28},"end":{"line":126,"column":48}},"18":{"start":{"line":136,"column":22},"end":{"line":139,"column":null}}},"fnMap":{"0":{"name":"Main","decl":{"start":{"line":12,"column":24},"end":{"line":12,"column":null}},"loc":{"start":{"line":12,"column":24},"end":{"line":156,"column":null}}},"1":{"name":"(anonymous_1)","decl":{"start":{"line":28,"column":17},"end":{"line":28,"column":18}},"loc":{"start":{"line":28,"column":18},"end":{"line":32,"column":null}}},"2":{"name":"(anonymous_2)","decl":{"start":{"line":43,"column":19},"end":{"line":43,"column":20}},"loc":{"start":{"line":43,"column":20},"end":{"line":55,"column":null}}},"3":{"name":"(anonymous_3)","decl":{"start":{"line":44,"column":22},"end":{"line":44,"column":23}},"loc":{"start":{"line":45,"column":12},"end":{"line":48,"column":null}}},"4":{"name":"(anonymous_4)","decl":{"start":{"line":45,"column":21},"end":{"line":45,"column":22}},"loc":{"start":{"line":46,"column":14},"end":{"line":48,"column":null}}},"5":{"name":"(anonymous_5)","decl":{"start":{"line":66,"column":20},"end":{"line":66,"column":21}},"loc":{"start":{"line":66,"column":27},"end":{"line":66,"column":null}}},"6":{"name":"(anonymous_6)","decl":{"start":{"line":70,"column":19},"end":{"line":70,"column":25}},"loc":{"start":{"line":70,"column":25},"end":{"line":70,"column":null}}},"7":{"name":"(anonymous_7)","decl":{"start":{"line":84,"column":24},"end":{"line":84,"column":25}},"loc":{"start":{"line":85,"column":12},"end":{"line":146,"column":25}}},"8":{"name":"(anonymous_8)","decl":{"start":{"line":94,"column":50},"end":{"line":94,"column":51}},"loc":{"start":{"line":95,"column":28},"end":{"line":126,"column":48}}},"9":{"name":"(anonymous_9)","decl":{"start":{"line":135,"column":29},"end":{"line":135,"column":null}},"loc":{"start":{"line":135,"column":29},"end":{"line":140,"column":null}}}},"branchMap":{"0":{"loc":{"start":{"line":29,"column":20},"end":{"line":29,"column":41}},"type":"binary-expr","locations":[{"start":{"line":29,"column":20},"end":{"line":29,"column":39}},{"start":{"line":29,"column":39},"end":{"line":29,"column":41}}]},"1":{"loc":{"start":{"line":42,"column":17},"end":{"line":42,"column":null}},"type":"binary-expr","locations":[{"start":{"line":42,"column":17},"end":{"line":42,"column":39}},{"start":{"line":42,"column":39},"end":{"line":42,"column":null}}]},"2":{"loc":{"start":{"line":46,"column":14},"end":{"line":48,"column":null}},"type":"cond-expr","locations":[{"start":{"line":47,"column":18},"end":{"line":47,"column":null}},{"start":{"line":48,"column":18},"end":{"line":48,"column":null}}]},"3":{"loc":{"start":{"line":77,"column":9},"end":{"line":77,"column":null}},"type":"binary-expr","locations":[{"start":{"line":77,"column":9},"end":{"line":77,"column":null}}]},"4":{"loc":{"start":{"line":84,"column":10},"end":{"line":146,"column":25}},"type":"cond-expr","locations":[{"start":{"line":84,"column":10},"end":{"line":146,"column":25}}]},"5":{"loc":{"start":{"line":83,"column":9},"end":{"line":83,"column":null}},"type":"binary-expr","locations":[{"start":{"line":83,"column":9},"end":{"line":83,"column":29}},{"start":{"line":83,"column":29},"end":{"line":83,"column":null}}]},"6":{"loc":{"start":{"line":94,"column":26},"end":{"line":126,"column":48}},"type":"cond-expr","locations":[{"start":{"line":94,"column":26},"end":{"line":126,"column":48}}]},"7":{"loc":{"start":{"line":111,"column":58},"end":{"line":111,"column":null}},"type":"binary-expr","locations":[{"start":{"line":111,"column":58},"end":{"line":111,"column":74}},{"start":{"line":111,"column":78},"end":{"line":111,"column":null}}]},"8":{"loc":{"start":{"line":116,"column":41},"end":{"line":116,"column":null}},"type":"binary-expr","locations":[{"start":{"line":116,"column":41},"end":{"line":116,"column":62}},{"start":{"line":116,"column":66},"end":{"line":116,"column":null}}]},"9":{"loc":{"start":{"line":122,"column":33},"end":{"line":122,"column":null}},"type":"binary-expr","locations":[{"start":{"line":122,"column":33},"end":{"line":122,"column":54}},{"start":{"line":122,"column":54},"end":{"line":122,"column":null}}]},"10":{"loc":{"start":{"line":127,"column":26},"end":{"line":131,"column":27}},"type":"cond-expr","locations":[{"start":{"line":127,"column":26},"end":{"line":131,"column":27}}]},"11":{"loc":{"start":{"line":126,"column":28},"end":{"line":126,"column":null}},"type":"binary-expr","locations":[{"start":{"line":126,"column":28},"end":{"line":126,"column":48}},{"start":{"line":126,"column":48},"end":{"line":126,"column":null}}]},"12":{"loc":{"start":{"line":147,"column":10},"end":{"line":151,"column":26}},"type":"cond-expr","locations":[{"start":{"line":147,"column":10},"end":{"line":151,"column":26}}]},"13":{"loc":{"start":{"line":146,"column":12},"end":{"line":146,"column":null}},"type":"binary-expr","locations":[{"start":{"line":146,"column":12},"end":{"line":146,"column":25}},{"start":{"line":146,"column":25},"end":{"line":146,"column":null}}]},"14":{"loc":{"start":{"line":151,"column":10},"end":{"line":151,"column":26}},"type":"binary-expr","locations":[{"start":{"line":151,"column":10},"end":{"line":151,"column":26}}]}},"s":{"0":2,"1":2,"2":2,"3":2,"4":2,"5":2,"6":0,"7":0,"8":0,"9":2,"10":0,"11":0,"12":0,"13":0,"14":0,"15":0,"16":0,"17":0,"18":0},"f":{"0":2,"1":0,"2":0,"3":0,"4":0,"5":0,"6":0,"7":0,"8":0,"9":0},"b":{"0":[0,0],"1":[2,0],"2":[0,0],"3":[2],"4":[0],"5":[2,0],"6":[0],"7":[0,0],"8":[0,0],"9":[0,0],"10":[0],"11":[0,0],"12":[0],"13":[2,0],"14":[2]}}
,"C:/Users/fsine/OneDrive/Desktop/others/belajar/web/github-explorer-fahmi/src/pages/main/api/endpoints.ts": {"path":"C:/Users/fsine/OneDrive/Desktop/others/belajar/web/github-explorer-fahmi/src/pages/main/api/endpoints.ts","statementMap":{"0":{"start":{"line":6,"column":20},"end":{"line":21,"column":null}},"1":{"start":{"line":23,"column":28},"end":{"line":29,"column":null}},"2":{"start":{"line":31,"column":25},"end":{"line":34,"column":2}}},"fnMap":{},"branchMap":{},"s":{"0":1,"1":1,"2":1},"f":{},"b":{}}
,"C:/Users/fsine/OneDrive/Desktop/others/belajar/web/github-explorer-fahmi/src/pages/main/api/index.ts": {"path":"C:/Users/fsine/OneDrive/Desktop/others/belajar/web/github-explorer-fahmi/src/pages/main/api/index.ts","statementMap":{"0":{"start":{"line":6,"column":34},"end":{"line":12,"column":null}},"1":{"start":{"line":15,"column":33},"end":{"line":17,"column":null}}},"fnMap":{},"branchMap":{},"s":{"0":1,"1":1},"f":{},"b":{}}
,"C:/Users/fsine/OneDrive/Desktop/others/belajar/web/github-explorer-fahmi/src/pages/main/api/schema/repository.ts": {"path":"C:/Users/fsine/OneDrive/Desktop/others/belajar/web/github-explorer-fahmi/src/pages/main/api/schema/repository.ts","statementMap":{"0":{"start":{"line":3,"column":36},"end":{"line":12,"column":3}}},"fnMap":{},"branchMap":{},"s":{"0":1},"f":{},"b":{}}
,"C:/Users/fsine/OneDrive/Desktop/others/belajar/web/github-explorer-fahmi/src/pages/main/api/schema/user.ts": {"path":"C:/Users/fsine/OneDrive/Desktop/others/belajar/web/github-explorer-fahmi/src/pages/main/api/schema/user.ts","statementMap":{"0":{"start":{"line":3,"column":26},"end":{"line":6,"column":3}}},"fnMap":{},"branchMap":{},"s":{"0":1},"f":{},"b":{}}
}
